2018-07-12 17:16:27,717 : INFO	: Script p24_extractor.py started
2018-07-12 17:16:27,717 : INFO	: Retrieving data from http://p24.by
2018-07-12 17:16:27,719 : DEBUG	: Starting new HTTP connection (1): p24.by:80
2018-07-12 17:16:28,149 : DEBUG	: http://p24.by:80 "GET /goods/filter/?category_vid=2&category_cats=11&category_podcat=79&CatalogProducts_page=1 HTTP/1.1" 200 None
2018-07-12 17:16:28,275 : INFO	: 40 objects recieved
2018-07-12 17:16:28,277 : DEBUG	: Starting new HTTP connection (1): p24.by:80
2018-07-12 17:16:28,707 : DEBUG	: http://p24.by:80 "GET /goods/filter/?category_vid=2&category_cats=11&category_podcat=79&CatalogProducts_page=2 HTTP/1.1" 200 None
2018-07-12 17:16:28,829 : INFO	: 40 objects recieved
2018-07-12 17:16:28,830 : DEBUG	: Starting new HTTP connection (1): p24.by:80
2018-07-12 17:16:29,532 : DEBUG	: http://p24.by:80 "GET /goods/filter/?category_vid=2&category_cats=11&category_podcat=79&CatalogProducts_page=3 HTTP/1.1" 200 None
2018-07-12 17:16:29,591 : INFO	: 16 objects recieved
2018-07-12 17:16:29,591 : INFO	: Last page just parsed
2018-07-12 17:16:29,592 : INFO	: 96 lines has been written
2018-07-12 17:16:29,592 : INFO	: Script p24_extractor.py finished successfully in 0:00:01.875597
2018-07-13 11:32:29,399 : INFO	: Script p24_extractor.py started
2018-07-13 11:32:29,409 : INFO	: Retrieving data from http://p24.by
2018-07-13 11:32:29,411 : DEBUG	: Starting new HTTP connection (1): p24.by:80
2018-07-13 11:32:29,914 : DEBUG	: http://p24.by:80 "GET /goods/filter/?category_vid=2&category_cats=11&category_podcat=79&CatalogProducts_page=1 HTTP/1.1" 200 None
2018-07-13 11:32:30,038 : INFO	: 40 objects recieved
2018-07-13 11:32:30,040 : DEBUG	: Starting new HTTP connection (1): p24.by:80
2018-07-13 11:32:30,468 : DEBUG	: http://p24.by:80 "GET /goods/filter/?category_vid=2&category_cats=11&category_podcat=79&CatalogProducts_page=2 HTTP/1.1" 200 None
2018-07-13 11:32:30,612 : INFO	: 40 objects recieved
2018-07-13 11:32:30,613 : DEBUG	: Starting new HTTP connection (1): p24.by:80
2018-07-13 11:32:30,947 : DEBUG	: http://p24.by:80 "GET /goods/filter/?category_vid=2&category_cats=11&category_podcat=79&CatalogProducts_page=3 HTTP/1.1" 200 None
2018-07-13 11:32:31,026 : INFO	: 22 objects recieved
2018-07-13 11:32:31,026 : INFO	: Last page just parsed
2018-07-13 11:32:31,027 : INFO	: 102 lines has been written
2018-07-13 11:32:31,027 : INFO	: Script p24_extractor.py finished successfully in 0:00:01.627660
